  [1m[35m (341.1ms)[0m  [1m[35mCREATE DATABASE "cat_tinder_backend_development" ENCODING = 'unicode'[0m
  [1m[35m (326.5ms)[0m  [1m[35mCREATE DATABASE "cat_tinder_backend_test" ENCODING = 'unicode'[0m
Started GET "/" for ::1 at 2020-08-19 15:58:49 -0700
Processing by Rails::WelcomeController#index as HTML
  Rendering /Users/learnacademy/.rvm/gems/ruby-2.7.0/gems/railties-6.0.3.2/lib/rails/templates/rails/welcome/index.html.erb
  Rendered /Users/learnacademy/.rvm/gems/ruby-2.7.0/gems/railties-6.0.3.2/lib/rails/templates/rails/welcome/index.html.erb (Duration: 12.4ms | Allocations: 409)
Completed 200 OK in 35ms (Views: 24.4ms | ActiveRecord: 0.0ms | Allocations: 2355)


  [1m[35m (6.1ms)[0m  [1m[35mCREATE TABLE "schema_migrations" ("version" character varying NOT NULL PRIMARY KEY)[0m
  [1m[35m (4.2ms)[0m  [1m[35mCREATE TABLE "ar_internal_metadata" ("key" character varying NOT NULL PRIMARY KEY, "value" character varying, "created_at" timestamp(6) NOT NULL, "updated_at" timestamp(6) NOT NULL)[0m
  [1m[35m (0.4ms)[0m  [1m[34mSELECT pg_try_advisory_lock(193641846089075370)[0m
  [1m[35m (0.6ms)[0m  [1m[34mSELECT "schema_migrations"."version" FROM "schema_migrations" ORDER BY "schema_migrations"."version" ASC[0m
Migrating to CreateCats (20200819230043)
  [1m[35m (0.2ms)[0m  [1m[35mBEGIN[0m
  [1m[35m (31.3ms)[0m  [1m[35mCREATE TABLE "cats" ("id" bigserial primary key, "firstName" character varying, "lastName" character varying, "age" integer, "enjoys" text, "created_at" timestamp(6) NOT NULL, "updated_at" timestamp(6) NOT NULL)[0m
  [1m[36mprimary::SchemaMigration Create (0.8ms)[0m  [1m[32mINSERT INTO "schema_migrations" ("version") VALUES ($1) RETURNING "version"[0m  [["version", "20200819230043"]]
  [1m[35m (24.3ms)[0m  [1m[35mCOMMIT[0m
  [1m[36mActiveRecord::InternalMetadata Load (0.4ms)[0m  [1m[34mSELECT "ar_internal_metadata".* FROM "ar_internal_metadata" WHERE "ar_internal_metadata"."key" = $1 LIMIT $2[0m  [["key", "environment"], ["LIMIT", 1]]
  [1m[35m (19.5ms)[0m  [1m[35mBEGIN[0m
  [1m[36mActiveRecord::InternalMetadata Create (1.2ms)[0m  [1m[32mINSERT INTO "ar_internal_metadata" ("key", "value", "created_at", "updated_at") VALUES ($1, $2, $3, $4) RETURNING "key"[0m  [["key", "environment"], ["value", "development"], ["created_at", "2020-08-19 23:00:54.340250"], ["updated_at", "2020-08-19 23:00:54.340250"]]
  [1m[35m (0.6ms)[0m  [1m[35mCOMMIT[0m
  [1m[35m (0.5ms)[0m  [1m[34mSELECT pg_advisory_unlock(193641846089075370)[0m
  [1m[35m (3.7ms)[0m  [1m[34mSELECT "schema_migrations"."version" FROM "schema_migrations" ORDER BY "schema_migrations"."version" ASC[0m
  [1m[35m (1.3ms)[0m  [1m[35mDROP DATABASE IF EXISTS "cat_tinder_backend_development"[0m
  [1m[35m (0.4ms)[0m  [1m[35mDROP DATABASE IF EXISTS "cat_tinder_backend_test"[0m
  [1m[35m (453.2ms)[0m  [1m[35mCREATE DATABASE "cat_tinder_backend_development" ENCODING = 'unicode'[0m
  [1m[35m (165.5ms)[0m  [1m[35mCREATE DATABASE "cat_tinder_backend_test" ENCODING = 'unicode'[0m
  [1m[35m (20.5ms)[0m  [1m[35mCREATE TABLE "schema_migrations" ("version" character varying NOT NULL PRIMARY KEY)[0m
  [1m[35m (5.5ms)[0m  [1m[35mCREATE TABLE "ar_internal_metadata" ("key" character varying NOT NULL PRIMARY KEY, "value" character varying, "created_at" timestamp(6) NOT NULL, "updated_at" timestamp(6) NOT NULL)[0m
  [1m[35m (4.9ms)[0m  [1m[34mSELECT pg_try_advisory_lock(193641846089075370)[0m
  [1m[35m (1.5ms)[0m  [1m[34mSELECT "schema_migrations"."version" FROM "schema_migrations" ORDER BY "schema_migrations"."version" ASC[0m
Migrating to CreateCats (20200819230043)
  [1m[35m (0.2ms)[0m  [1m[35mBEGIN[0m
  [1m[35m (5.3ms)[0m  [1m[35mCREATE TABLE "cats" ("id" bigserial primary key, "firstName" character varying, "lastName" character varying, "age" integer, "enjoys" text, "created_at" timestamp(6) NOT NULL, "updated_at" timestamp(6) NOT NULL)[0m
  [1m[36mprimary::SchemaMigration Create (0.7ms)[0m  [1m[32mINSERT INTO "schema_migrations" ("version") VALUES ($1) RETURNING "version"[0m  [["version", "20200819230043"]]
  [1m[35m (0.5ms)[0m  [1m[35mCOMMIT[0m
  [1m[36mActiveRecord::InternalMetadata Load (1.2ms)[0m  [1m[34mSELECT "ar_internal_metadata".* FROM "ar_internal_metadata" WHERE "ar_internal_metadata"."key" = $1 LIMIT $2[0m  [["key", "environment"], ["LIMIT", 1]]
  [1m[35m (0.2ms)[0m  [1m[35mBEGIN[0m
  [1m[36mActiveRecord::InternalMetadata Create (1.3ms)[0m  [1m[32mINSERT INTO "ar_internal_metadata" ("key", "value", "created_at", "updated_at") VALUES ($1, $2, $3, $4) RETURNING "key"[0m  [["key", "environment"], ["value", "development"], ["created_at", "2020-08-20 17:31:44.473336"], ["updated_at", "2020-08-20 17:31:44.473336"]]
  [1m[35m (0.5ms)[0m  [1m[35mCOMMIT[0m
  [1m[35m (0.3ms)[0m  [1m[34mSELECT pg_advisory_unlock(193641846089075370)[0m
  [1m[35m (1.2ms)[0m  [1m[34mSELECT "schema_migrations"."version" FROM "schema_migrations" ORDER BY "schema_migrations"."version" ASC[0m
  [1m[35m (0.9ms)[0m  [1m[34mSELECT "schema_migrations"."version" FROM "schema_migrations" ORDER BY "schema_migrations"."version" ASC[0m
  [1m[35m (0.8ms)[0m  [1m[34mSELECT "schema_migrations"."version" FROM "schema_migrations" ORDER BY "schema_migrations"."version" ASC[0m
  [1m[35m (0.2ms)[0m  [1m[35mBEGIN[0m
  [1m[36mCat Create (1.1ms)[0m  [1m[32mINSERT INTO "cats" ("firstName", "lastName", "age", "enjoys", "created_at", "updated_at") VALUES ($1, $2, $3, $4, $5, $6) RETURNING "id"[0m  [["firstName", "Felix"], ["lastName", "DeCat"], ["age", 2], ["enjoys", "Long naps on the couch, and a warm fire."], ["created_at", "2020-08-20 17:32:42.032125"], ["updated_at", "2020-08-20 17:32:42.032125"]]
  [1m[35m (0.7ms)[0m  [1m[35mCOMMIT[0m
  [1m[35m (0.2ms)[0m  [1m[35mBEGIN[0m
  [1m[36mCat Create (0.4ms)[0m  [1m[32mINSERT INTO "cats" ("firstName", "lastName", "age", "enjoys", "created_at", "updated_at") VALUES ($1, $2, $3, $4, $5, $6) RETURNING "id"[0m  [["firstName", "Homer"], ["lastName", "Simpson"], ["age", 12], ["enjoys", "Food mostly, really just food."], ["created_at", "2020-08-20 17:32:42.038047"], ["updated_at", "2020-08-20 17:32:42.038047"]]
  [1m[35m (0.5ms)[0m  [1m[35mCOMMIT[0m
  [1m[35m (1.1ms)[0m  [1m[35mBEGIN[0m
  [1m[36mCat Create (0.4ms)[0m  [1m[32mINSERT INTO "cats" ("firstName", "lastName", "age", "enjoys", "created_at", "updated_at") VALUES ($1, $2, $3, $4, $5, $6) RETURNING "id"[0m  [["firstName", "Jack"], ["lastName", "Smith"], ["age", 5], ["enjoys", "Furrrrociously hunting bugs."], ["created_at", "2020-08-20 17:32:42.044223"], ["updated_at", "2020-08-20 17:32:42.044223"]]
  [1m[35m (2.0ms)[0m  [1m[35mCOMMIT[0m
Started GET "/" for ::1 at 2020-08-21 11:24:33 -0700
  [1m[35m (1.1ms)[0m  [1m[34mSELECT "schema_migrations"."version" FROM "schema_migrations" ORDER BY "schema_migrations"."version" ASC[0m
Processing by Rails::WelcomeController#index as HTML
  Rendering /Users/learnacademy/.rvm/gems/ruby-2.7.0/gems/railties-6.0.3.2/lib/rails/templates/rails/welcome/index.html.erb
  Rendered /Users/learnacademy/.rvm/gems/ruby-2.7.0/gems/railties-6.0.3.2/lib/rails/templates/rails/welcome/index.html.erb (Duration: 8.6ms | Allocations: 295)
Completed 200 OK in 16ms (Views: 11.2ms | ActiveRecord: 0.0ms | Allocations: 1639)


Started GET "/cats" for ::1 at 2020-08-21 11:28:42 -0700
Processing by CatsController#index as */*
  [1m[36mCat Load (78.1ms)[0m  [1m[34mSELECT "cats".* FROM "cats"[0m
  ↳ app/controllers/cats_controller.rb:5:in `index'
Completed 200 OK in 119ms (Views: 4.4ms | ActiveRecord: 105.7ms | Allocations: 2011)


Started GET "/cats" for ::1 at 2020-08-21 11:32:38 -0700
Processing by CatsController#index as */*
  [1m[36mCat Load (0.4ms)[0m  [1m[34mSELECT "cats".* FROM "cats"[0m
  ↳ app/controllers/cats_controller.rb:5:in `index'
Completed 200 OK in 3ms (Views: 1.8ms | ActiveRecord: 0.4ms | Allocations: 930)


Started POST "/cats" for ::1 at 2020-08-21 11:32:57 -0700
Processing by CatsController#create as */*
  Parameters: {"firstName"=>"Erica", "lastName"=>"Gates", "age"=>"32", "enjoys"=>"long walks on the beach", "cat"=>{"firstName"=>"Erica", "lastName"=>"Gates", "age"=>"32", "enjoys"=>"long walks on the beach"}}
  [1m[35m (0.3ms)[0m  [1m[35mBEGIN[0m
  ↳ app/controllers/cats_controller.rb:9:in `create'
  [1m[36mCat Create (1.6ms)[0m  [1m[32mINSERT INTO "cats" ("firstName", "lastName", "age", "enjoys", "created_at", "updated_at") VALUES ($1, $2, $3, $4, $5, $6) RETURNING "id"[0m  [["firstName", "Erica"], ["lastName", "Gates"], ["age", 32], ["enjoys", "long walks on the beach"], ["created_at", "2020-08-21 18:32:57.988628"], ["updated_at", "2020-08-21 18:32:57.988628"]]
  ↳ app/controllers/cats_controller.rb:9:in `create'
  [1m[35m (2.1ms)[0m  [1m[35mCOMMIT[0m
  ↳ app/controllers/cats_controller.rb:9:in `create'
Completed 200 OK in 24ms (Views: 0.9ms | ActiveRecord: 42.6ms | Allocations: 6557)


Started GET "/cats" for ::1 at 2020-08-21 11:32:58 -0700
Processing by CatsController#index as */*
  [1m[36mCat Load (0.5ms)[0m  [1m[34mSELECT "cats".* FROM "cats"[0m
  ↳ app/controllers/cats_controller.rb:5:in `index'
Completed 200 OK in 3ms (Views: 1.9ms | ActiveRecord: 0.5ms | Allocations: 1052)


  [1m[36mCat Load (0.3ms)[0m  [1m[34mSELECT "cats".* FROM "cats" LIMIT $1[0m  [["LIMIT", 11]]
  [1m[36mCat Load (0.6ms)[0m  [1m[34mSELECT "cats".* FROM "cats" LIMIT $1[0m  [["LIMIT", 11]]
Started GET "/" for ::1 at 2020-08-21 11:40:32 -0700
  [1m[35m (2.5ms)[0m  [1m[34mSELECT "schema_migrations"."version" FROM "schema_migrations" ORDER BY "schema_migrations"."version" ASC[0m
Processing by Rails::WelcomeController#index as HTML
  Rendering /Users/learnacademy/.rvm/gems/ruby-2.7.0/gems/railties-6.0.3.2/lib/rails/templates/rails/welcome/index.html.erb
  Rendered /Users/learnacademy/.rvm/gems/ruby-2.7.0/gems/railties-6.0.3.2/lib/rails/templates/rails/welcome/index.html.erb (Duration: 11.0ms | Allocations: 295)
Completed 200 OK in 28ms (Views: 19.3ms | ActiveRecord: 0.0ms | Allocations: 1639)


  [1m[36mCat Load (0.7ms)[0m  [1m[34mSELECT "cats".* FROM "cats" LIMIT $1[0m  [["LIMIT", 11]]
  [1m[35m (1.7ms)[0m  [1m[34mSELECT "schema_migrations"."version" FROM "schema_migrations" ORDER BY "schema_migrations"."version" ASC[0m
  [1m[35m (21.6ms)[0m  [1m[35mBEGIN[0m
  [1m[36mCat Create (0.8ms)[0m  [1m[32mINSERT INTO "cats" ("firstName", "lastName", "age", "enjoys", "created_at", "updated_at") VALUES ($1, $2, $3, $4, $5, $6) RETURNING "id"[0m  [["firstName", "Felix"], ["lastName", "DeCat"], ["age", 2], ["enjoys", "Long naps on the couch, and a warm fire."], ["created_at", "2020-08-21 18:42:57.242572"], ["updated_at", "2020-08-21 18:42:57.242572"]]
  [1m[35m (0.7ms)[0m  [1m[35mCOMMIT[0m
  [1m[35m (0.2ms)[0m  [1m[35mBEGIN[0m
  [1m[36mCat Create (0.3ms)[0m  [1m[32mINSERT INTO "cats" ("firstName", "lastName", "age", "enjoys", "created_at", "updated_at") VALUES ($1, $2, $3, $4, $5, $6) RETURNING "id"[0m  [["firstName", "Homer"], ["lastName", "Simpson"], ["age", 12], ["enjoys", "Food mostly, really just food."], ["created_at", "2020-08-21 18:42:57.271862"], ["updated_at", "2020-08-21 18:42:57.271862"]]
  [1m[35m (0.4ms)[0m  [1m[35mCOMMIT[0m
  [1m[35m (0.2ms)[0m  [1m[35mBEGIN[0m
  [1m[36mCat Create (1.1ms)[0m  [1m[32mINSERT INTO "cats" ("firstName", "lastName", "age", "enjoys", "created_at", "updated_at") VALUES ($1, $2, $3, $4, $5, $6) RETURNING "id"[0m  [["firstName", "Jack"], ["lastName", "Smith"], ["age", 5], ["enjoys", "Furrrrociously hunting bugs."], ["created_at", "2020-08-21 18:42:57.277007"], ["updated_at", "2020-08-21 18:42:57.277007"]]
  [1m[35m (0.4ms)[0m  [1m[35mCOMMIT[0m
  [1m[36mCat Load (0.6ms)[0m  [1m[34mSELECT "cats".* FROM "cats" LIMIT $1[0m  [["LIMIT", 11]]
Started GET "/cats" for ::1 at 2020-08-21 11:44:56 -0700
Processing by CatsController#index as */*
  [1m[36mCat Load (21.7ms)[0m  [1m[34mSELECT "cats".* FROM "cats"[0m
  ↳ app/controllers/cats_controller.rb:5:in `index'
Completed 200 OK in 43ms (Views: 14.1ms | ActiveRecord: 25.9ms | Allocations: 6148)


Started POST "/cats" for ::1 at 2020-08-21 11:46:26 -0700
Processing by CatsController#create as */*
  Parameters: {"firstName"=>"Ruh-Ruh", "lastName"=>"Ghost", "age"=>"3", "enjoys"=>"Sneak attacks and long distance jumping.", "cat"=>{"firstName"=>"Ruh-Ruh", "lastName"=>"Ghost", "age"=>"3", "enjoys"=>"Sneak attacks and long distance jumping."}}
  [1m[35m (33.5ms)[0m  [1m[35mBEGIN[0m
  ↳ app/controllers/cats_controller.rb:9:in `create'
  [1m[36mCat Create (0.8ms)[0m  [1m[32mINSERT INTO "cats" ("firstName", "lastName", "age", "enjoys", "created_at", "updated_at") VALUES ($1, $2, $3, $4, $5, $6) RETURNING "id"[0m  [["firstName", "Ruh-Ruh"], ["lastName", "Ghost"], ["age", 3], ["enjoys", "Sneak attacks and long distance jumping."], ["created_at", "2020-08-21 18:46:26.177037"], ["updated_at", "2020-08-21 18:46:26.177037"]]
  ↳ app/controllers/cats_controller.rb:9:in `create'
  [1m[35m (0.5ms)[0m  [1m[35mCOMMIT[0m
  ↳ app/controllers/cats_controller.rb:9:in `create'
Completed 200 OK in 41ms (Views: 0.3ms | ActiveRecord: 34.9ms | Allocations: 2957)


Started GET "/cats" for ::1 at 2020-08-21 11:46:26 -0700
Processing by CatsController#index as */*
  [1m[36mCat Load (25.8ms)[0m  [1m[34mSELECT "cats".* FROM "cats"[0m
  ↳ app/controllers/cats_controller.rb:5:in `index'
Completed 200 OK in 31ms (Views: 4.8ms | ActiveRecord: 25.8ms | Allocations: 1556)


Started GET "/cats" for ::1 at 2020-08-21 11:54:09 -0700
Processing by CatsController#index as */*
  [1m[36mCat Load (1.1ms)[0m  [1m[34mSELECT "cats".* FROM "cats"[0m
  ↳ app/controllers/cats_controller.rb:5:in `index'
Completed 200 OK in 6ms (Views: 4.1ms | ActiveRecord: 1.1ms | Allocations: 1680)


Started GET "/cats" for ::1 at 2020-08-21 11:54:19 -0700
Processing by CatsController#index as */*
  [1m[36mCat Load (0.6ms)[0m  [1m[34mSELECT "cats".* FROM "cats"[0m
  ↳ app/controllers/cats_controller.rb:5:in `index'
Completed 200 OK in 4ms (Views: 2.8ms | ActiveRecord: 0.6ms | Allocations: 1554)


Started GET "/cats" for ::1 at 2020-08-21 11:54:24 -0700
Processing by CatsController#index as */*
  [1m[36mCat Load (3.0ms)[0m  [1m[34mSELECT "cats".* FROM "cats"[0m
  ↳ app/controllers/cats_controller.rb:5:in `index'
Completed 200 OK in 7ms (Views: 3.3ms | ActiveRecord: 3.0ms | Allocations: 1570)


Started GET "/" for ::1 at 2020-08-21 11:57:20 -0700
Processing by Rails::WelcomeController#index as HTML
  Rendering /Users/learnacademy/.rvm/gems/ruby-2.7.0/gems/railties-6.0.3.2/lib/rails/templates/rails/welcome/index.html.erb
  Rendered /Users/learnacademy/.rvm/gems/ruby-2.7.0/gems/railties-6.0.3.2/lib/rails/templates/rails/welcome/index.html.erb (Duration: 15.5ms | Allocations: 179)
Completed 200 OK in 21ms (Views: 18.1ms | ActiveRecord: 0.0ms | Allocations: 778)


Started GET "/cats" for ::1 at 2020-08-21 11:57:23 -0700
Processing by CatsController#index as */*
  [1m[36mCat Load (0.4ms)[0m  [1m[34mSELECT "cats".* FROM "cats"[0m
  ↳ app/controllers/cats_controller.rb:5:in `index'
Completed 200 OK in 4ms (Views: 2.4ms | ActiveRecord: 0.4ms | Allocations: 1554)


Started GET "/cats" for ::1 at 2020-08-21 12:14:02 -0700
Processing by CatsController#index as */*
  [1m[36mCat Load (0.8ms)[0m  [1m[34mSELECT "cats".* FROM "cats"[0m
  ↳ app/controllers/cats_controller.rb:5:in `index'
Completed 200 OK in 6ms (Views: 4.1ms | ActiveRecord: 0.8ms | Allocations: 1671)


Started GET "/cats" for ::1 at 2020-08-21 12:15:03 -0700
Processing by CatsController#index as */*
  [1m[36mCat Load (0.6ms)[0m  [1m[34mSELECT "cats".* FROM "cats"[0m
  ↳ app/controllers/cats_controller.rb:5:in `index'
Completed 200 OK in 4ms (Views: 2.9ms | ActiveRecord: 0.6ms | Allocations: 1554)


Started GET "/" for ::1 at 2020-08-21 13:26:50 -0700
  [1m[35m (1.2ms)[0m  [1m[34mSELECT "schema_migrations"."version" FROM "schema_migrations" ORDER BY "schema_migrations"."version" ASC[0m
Processing by Rails::WelcomeController#index as HTML
  Rendering /Users/selamhabteab/.rvm/gems/ruby-2.7.0/gems/railties-6.0.3.2/lib/rails/templates/rails/welcome/index.html.erb
  Rendered /Users/selamhabteab/.rvm/gems/ruby-2.7.0/gems/railties-6.0.3.2/lib/rails/templates/rails/welcome/index.html.erb (Duration: 9.4ms | Allocations: 409)
Completed 200 OK in 32ms (Views: 21.0ms | ActiveRecord: 0.0ms | Allocations: 2424)


Started GET "/cats" for ::1 at 2020-08-21 13:27:48 -0700
Processing by CatsController#index as */*
  [1m[36mCat Load (39.7ms)[0m  [1m[34mSELECT "cats".* FROM "cats"[0m
  ↳ app/controllers/cats_controller.rb:5:in `index'
Completed 200 OK in 193ms (Views: 17.6ms | ActiveRecord: 169.2ms | Allocations: 6193)


Started GET "/cats" for ::1 at 2020-08-21 13:28:36 -0700
Processing by CatsController#index as */*
  [1m[36mCat Load (0.5ms)[0m  [1m[34mSELECT "cats".* FROM "cats"[0m
  ↳ app/controllers/cats_controller.rb:5:in `index'
Completed 200 OK in 5ms (Views: 3.6ms | ActiveRecord: 0.5ms | Allocations: 1427)


Started GET "/cats" for ::1 at 2020-08-21 13:38:42 -0700
Processing by CatsController#index as */*
  [1m[36mCat Load (26.1ms)[0m  [1m[34mSELECT "cats".* FROM "cats"[0m
  ↳ app/controllers/cats_controller.rb:5:in `index'
Completed 200 OK in 30ms (Views: 3.1ms | ActiveRecord: 26.1ms | Allocations: 1553)


Started GET "/cats" for ::1 at 2020-08-21 14:26:00 -0700
Processing by CatsController#index as */*
  [1m[36mCat Load (2.8ms)[0m  [1m[34mSELECT "cats".* FROM "cats"[0m
  ↳ app/controllers/cats_controller.rb:5:in `index'
Completed 200 OK in 31ms (Views: 20.1ms | ActiveRecord: 2.8ms | Allocations: 5515)


Started GET "/cats" for ::1 at 2020-08-21 14:26:03 -0700
Processing by CatsController#index as */*
  [1m[36mCat Load (24.3ms)[0m  [1m[34mSELECT "cats".* FROM "cats"[0m
  ↳ app/controllers/cats_controller.rb:5:in `index'
Completed 200 OK in 29ms (Views: 3.6ms | ActiveRecord: 24.3ms | Allocations: 1427)


Started PATCH "/cats/4" for ::1 at 2020-08-21 14:26:38 -0700
Processing by CatsController#update as */*
  Parameters: {"firstName"=>"", "lastName"=>"", "age"=>"", "enjoys"=>"", "id"=>"4", "cat"=>{"firstName"=>"", "lastName"=>"", "age"=>"", "enjoys"=>""}}
  [1m[36mCat Load (1.9ms)[0m  [1m[34mSELECT "cats".* FROM "cats" WHERE "cats"."id" = $1 LIMIT $2[0m  [["id", 4], ["LIMIT", 1]]
  ↳ app/controllers/cats_controller.rb:18:in `update'
Completed 200 OK in 67ms (Views: 0.1ms | ActiveRecord: 21.4ms | Allocations: 8230)


Started GET "/cats" for ::1 at 2020-08-21 14:26:38 -0700
Processing by CatsController#index as */*
  [1m[36mCat Load (0.6ms)[0m  [1m[34mSELECT "cats".* FROM "cats"[0m
  ↳ app/controllers/cats_controller.rb:5:in `index'
Completed 200 OK in 5ms (Views: 3.3ms | ActiveRecord: 0.6ms | Allocations: 1429)


Started PATCH "/cats/4" for ::1 at 2020-08-21 14:27:20 -0700
Processing by CatsController#update as */*
  Parameters: {"firstName"=>"", "lastName"=>"", "age"=>"", "enjoys"=>"", "id"=>"4", "cat"=>{"firstName"=>"", "lastName"=>"", "age"=>"", "enjoys"=>""}}
  [1m[36mCat Load (0.5ms)[0m  [1m[34mSELECT "cats".* FROM "cats" WHERE "cats"."id" = $1 LIMIT $2[0m  [["id", 4], ["LIMIT", 1]]
  ↳ app/controllers/cats_controller.rb:18:in `update'
Completed 200 OK in 22ms (Views: 0.6ms | ActiveRecord: 0.5ms | Allocations: 4485)


Started GET "/cats" for ::1 at 2020-08-21 14:27:21 -0700
Processing by CatsController#index as */*
  [1m[36mCat Load (0.4ms)[0m  [1m[34mSELECT "cats".* FROM "cats"[0m
  ↳ app/controllers/cats_controller.rb:5:in `index'
Completed 200 OK in 3ms (Views: 2.1ms | ActiveRecord: 0.4ms | Allocations: 1429)


Started PATCH "/cats/4" for ::1 at 2020-08-21 14:27:25 -0700
Processing by CatsController#update as */*
  Parameters: {"firstName"=>"", "lastName"=>"", "age"=>"", "enjoys"=>"", "id"=>"4", "cat"=>{"firstName"=>"", "lastName"=>"", "age"=>"", "enjoys"=>""}}
  [1m[36mCat Load (0.6ms)[0m  [1m[34mSELECT "cats".* FROM "cats" WHERE "cats"."id" = $1 LIMIT $2[0m  [["id", 4], ["LIMIT", 1]]
  ↳ app/controllers/cats_controller.rb:18:in `update'
Completed 200 OK in 12ms (Views: 0.2ms | ActiveRecord: 0.6ms | Allocations: 4483)


Started GET "/cats" for ::1 at 2020-08-21 14:27:25 -0700
Processing by CatsController#index as */*
  [1m[36mCat Load (0.5ms)[0m  [1m[34mSELECT "cats".* FROM "cats"[0m
  ↳ app/controllers/cats_controller.rb:5:in `index'
Completed 200 OK in 3ms (Views: 1.8ms | ActiveRecord: 0.5ms | Allocations: 1430)


Started PATCH "/cats/4" for ::1 at 2020-08-21 14:27:31 -0700
Processing by CatsController#update as */*
  Parameters: {"firstName"=>"", "lastName"=>"", "age"=>"", "enjoys"=>"", "id"=>"4", "cat"=>{"firstName"=>"", "lastName"=>"", "age"=>"", "enjoys"=>""}}
  [1m[36mCat Load (1.5ms)[0m  [1m[34mSELECT "cats".* FROM "cats" WHERE "cats"."id" = $1 LIMIT $2[0m  [["id", 4], ["LIMIT", 1]]
  ↳ app/controllers/cats_controller.rb:18:in `update'
Completed 200 OK in 11ms (Views: 0.2ms | ActiveRecord: 1.5ms | Allocations: 4484)


Started GET "/cats" for ::1 at 2020-08-21 14:27:31 -0700
Processing by CatsController#index as */*
  [1m[36mCat Load (0.4ms)[0m  [1m[34mSELECT "cats".* FROM "cats"[0m
  ↳ app/controllers/cats_controller.rb:5:in `index'
Completed 200 OK in 3ms (Views: 1.8ms | ActiveRecord: 0.4ms | Allocations: 1429)


Started POST "/cats" for ::1 at 2020-08-21 14:27:47 -0700
Processing by CatsController#create as */*
  Parameters: {"firstName"=>"", "lastName"=>"", "age"=>"", "enjoys"=>"", "cat"=>{"firstName"=>"", "lastName"=>"", "age"=>"", "enjoys"=>""}}
Completed 422 Unprocessable Entity in 11ms (Views: 0.3ms | ActiveRecord: 0.0ms | Allocations: 3650)


Started GET "/cats" for ::1 at 2020-08-21 14:31:42 -0700
Processing by CatsController#index as */*
  [1m[36mCat Load (1.5ms)[0m  [1m[34mSELECT "cats".* FROM "cats"[0m
  ↳ app/controllers/cats_controller.rb:5:in `index'
Completed 200 OK in 7ms (Views: 3.9ms | ActiveRecord: 1.5ms | Allocations: 1429)


Started PATCH "/cats/4" for ::1 at 2020-08-21 14:32:06 -0700
Processing by CatsController#update as */*
  Parameters: {"firstName"=>"", "lastName"=>"", "age"=>"", "enjoys"=>"", "id"=>"4", "cat"=>{"firstName"=>"", "lastName"=>"", "age"=>"", "enjoys"=>""}}
  [1m[36mCat Load (0.8ms)[0m  [1m[34mSELECT "cats".* FROM "cats" WHERE "cats"."id" = $1 LIMIT $2[0m  [["id", 4], ["LIMIT", 1]]
  ↳ app/controllers/cats_controller.rb:18:in `update'
Completed 200 OK in 19ms (Views: 0.3ms | ActiveRecord: 0.8ms | Allocations: 4481)


Started GET "/cats" for ::1 at 2020-08-21 14:32:06 -0700
Processing by CatsController#index as */*
  [1m[36mCat Load (0.4ms)[0m  [1m[34mSELECT "cats".* FROM "cats"[0m
  ↳ app/controllers/cats_controller.rb:5:in `index'
Completed 200 OK in 3ms (Views: 2.3ms | ActiveRecord: 0.4ms | Allocations: 1429)


Started GET "/cats" for ::1 at 2020-08-21 14:36:23 -0700
Processing by CatsController#index as */*
  [1m[36mCat Load (0.5ms)[0m  [1m[34mSELECT "cats".* FROM "cats"[0m
  ↳ app/controllers/cats_controller.rb:5:in `index'
Completed 200 OK in 4ms (Views: 3.0ms | ActiveRecord: 0.5ms | Allocations: 1437)


Started GET "/cats" for ::1 at 2020-08-21 14:37:06 -0700
Processing by CatsController#index as */*
  [1m[36mCat Load (0.5ms)[0m  [1m[34mSELECT "cats".* FROM "cats"[0m
  ↳ app/controllers/cats_controller.rb:5:in `index'
Completed 200 OK in 5ms (Views: 3.6ms | ActiveRecord: 0.5ms | Allocations: 1427)


Started GET "/cats" for ::1 at 2020-08-21 14:37:09 -0700
Processing by CatsController#index as */*
  [1m[36mCat Load (25.0ms)[0m  [1m[34mSELECT "cats".* FROM "cats"[0m
  ↳ app/controllers/cats_controller.rb:5:in `index'
Completed 200 OK in 29ms (Views: 3.2ms | ActiveRecord: 25.0ms | Allocations: 1427)


Started PATCH "/cats/4" for ::1 at 2020-08-21 14:39:43 -0700
Processing by CatsController#update as */*
  Parameters: {"firstName"=>"", "lastName"=>"", "age"=>"", "enjoys"=>"", "id"=>"4", "cat"=>{"firstName"=>"", "lastName"=>"", "age"=>"", "enjoys"=>""}}
  [1m[36mCat Load (44.7ms)[0m  [1m[34mSELECT "cats".* FROM "cats" WHERE "cats"."id" = $1 LIMIT $2[0m  [["id", 4], ["LIMIT", 1]]
  ↳ app/controllers/cats_controller.rb:18:in `update'
Completed 200 OK in 59ms (Views: 0.2ms | ActiveRecord: 44.7ms | Allocations: 4481)


Started GET "/cats" for ::1 at 2020-08-21 14:39:43 -0700
Processing by CatsController#index as */*
  [1m[36mCat Load (0.4ms)[0m  [1m[34mSELECT "cats".* FROM "cats"[0m
  ↳ app/controllers/cats_controller.rb:5:in `index'
Completed 200 OK in 3ms (Views: 2.1ms | ActiveRecord: 0.4ms | Allocations: 1429)


Started PATCH "/cats/4" for ::1 at 2020-08-21 14:40:11 -0700
Processing by CatsController#update as */*
  Parameters: {"firstName"=>"", "lastName"=>"", "age"=>"", "enjoys"=>"", "id"=>"4", "cat"=>{"firstName"=>"", "lastName"=>"", "age"=>"", "enjoys"=>""}}
  [1m[36mCat Load (1.0ms)[0m  [1m[34mSELECT "cats".* FROM "cats" WHERE "cats"."id" = $1 LIMIT $2[0m  [["id", 4], ["LIMIT", 1]]
  ↳ app/controllers/cats_controller.rb:18:in `update'
Completed 200 OK in 27ms (Views: 0.5ms | ActiveRecord: 1.0ms | Allocations: 4481)


Started GET "/cats" for ::1 at 2020-08-21 14:40:11 -0700
Processing by CatsController#index as */*
  [1m[36mCat Load (0.6ms)[0m  [1m[34mSELECT "cats".* FROM "cats"[0m
  ↳ app/controllers/cats_controller.rb:5:in `index'
Completed 200 OK in 3ms (Views: 2.1ms | ActiveRecord: 0.6ms | Allocations: 1429)


Started PATCH "/cats/4" for ::1 at 2020-08-21 14:41:22 -0700
Processing by CatsController#update as */*
  Parameters: {"firstName"=>"", "lastName"=>"", "age"=>"", "enjoys"=>"", "id"=>"4", "cat"=>{"firstName"=>"", "lastName"=>"", "age"=>"", "enjoys"=>""}}
  [1m[36mCat Load (0.4ms)[0m  [1m[34mSELECT "cats".* FROM "cats" WHERE "cats"."id" = $1 LIMIT $2[0m  [["id", 4], ["LIMIT", 1]]
  ↳ app/controllers/cats_controller.rb:18:in `update'
Completed 200 OK in 22ms (Views: 0.3ms | ActiveRecord: 0.4ms | Allocations: 4481)


Started GET "/cats" for ::1 at 2020-08-21 14:41:22 -0700
Processing by CatsController#index as */*
  [1m[36mCat Load (0.6ms)[0m  [1m[34mSELECT "cats".* FROM "cats"[0m
  ↳ app/controllers/cats_controller.rb:5:in `index'
Completed 200 OK in 3ms (Views: 2.3ms | ActiveRecord: 0.6ms | Allocations: 1429)


Started GET "/cats" for ::1 at 2020-08-21 14:43:04 -0700
Processing by CatsController#index as */*
  [1m[36mCat Load (24.1ms)[0m  [1m[34mSELECT "cats".* FROM "cats"[0m
  ↳ app/controllers/cats_controller.rb:5:in `index'
Completed 200 OK in 29ms (Views: 3.9ms | ActiveRecord: 24.1ms | Allocations: 1427)


Started PATCH "/cats/4" for ::1 at 2020-08-21 14:43:20 -0700
Processing by CatsController#update as */*
  Parameters: {"firstName"=>"ruh", "lastName"=>"ruh", "age"=>"3.5", "enjoys"=>"sneak attacks", "id"=>"4", "cat"=>{"firstName"=>"ruh", "lastName"=>"ruh", "age"=>"3.5", "enjoys"=>"sneak attacks"}}
  [1m[36mCat Load (0.7ms)[0m  [1m[34mSELECT "cats".* FROM "cats" WHERE "cats"."id" = $1 LIMIT $2[0m  [["id", 4], ["LIMIT", 1]]
  ↳ app/controllers/cats_controller.rb:18:in `update'
  [1m[35m (0.2ms)[0m  [1m[35mBEGIN[0m
  ↳ app/controllers/cats_controller.rb:19:in `update'
  [1m[36mCat Update (33.3ms)[0m  [1m[33mUPDATE "cats" SET "firstName" = $1, "lastName" = $2, "enjoys" = $3, "updated_at" = $4 WHERE "cats"."id" = $5[0m  [["firstName", "ruh"], ["lastName", "ruh"], ["enjoys", "sneak attacks"], ["updated_at", "2020-08-21 21:43:20.978249"], ["id", 4]]
  ↳ app/controllers/cats_controller.rb:19:in `update'
  [1m[35m (2.0ms)[0m  [1m[35mCOMMIT[0m
  ↳ app/controllers/cats_controller.rb:19:in `update'
Completed 200 OK in 48ms (Views: 0.3ms | ActiveRecord: 36.2ms | Allocations: 3382)


Started GET "/cats" for ::1 at 2020-08-21 14:43:21 -0700
Processing by CatsController#index as */*
  [1m[36mCat Load (0.4ms)[0m  [1m[34mSELECT "cats".* FROM "cats"[0m
  ↳ app/controllers/cats_controller.rb:5:in `index'
Completed 200 OK in 3ms (Views: 2.0ms | ActiveRecord: 0.4ms | Allocations: 1426)


Started GET "/cats" for ::1 at 2020-08-21 14:43:34 -0700
Processing by CatsController#index as */*
  [1m[36mCat Load (2.5ms)[0m  [1m[34mSELECT "cats".* FROM "cats"[0m
  ↳ app/controllers/cats_controller.rb:5:in `index'
Completed 200 OK in 7ms (Views: 3.8ms | ActiveRecord: 2.5ms | Allocations: 1427)


Started PATCH "/cats/4" for ::1 at 2020-08-21 14:45:32 -0700
Processing by CatsController#update as */*
  Parameters: {"firstName"=>"Ruh Ruh", "lastName"=>"DaGhost", "age"=>"3.5", "enjoys"=>"sneak attacks", "id"=>"4", "cat"=>{"firstName"=>"Ruh Ruh", "lastName"=>"DaGhost", "age"=>"3.5", "enjoys"=>"sneak attacks"}}
  [1m[36mCat Load (0.2ms)[0m  [1m[34mSELECT "cats".* FROM "cats" WHERE "cats"."id" = $1 LIMIT $2[0m  [["id", 4], ["LIMIT", 1]]
  ↳ app/controllers/cats_controller.rb:18:in `update'
  [1m[35m (0.7ms)[0m  [1m[35mBEGIN[0m
  ↳ app/controllers/cats_controller.rb:19:in `update'
  [1m[36mCat Update (0.5ms)[0m  [1m[33mUPDATE "cats" SET "firstName" = $1, "lastName" = $2, "updated_at" = $3 WHERE "cats"."id" = $4[0m  [["firstName", "Ruh Ruh"], ["lastName", "DaGhost"], ["updated_at", "2020-08-21 21:45:32.414204"], ["id", 4]]
  ↳ app/controllers/cats_controller.rb:19:in `update'
  [1m[35m (0.7ms)[0m  [1m[35mCOMMIT[0m
  ↳ app/controllers/cats_controller.rb:19:in `update'
Completed 200 OK in 8ms (Views: 0.2ms | ActiveRecord: 2.1ms | Allocations: 3294)


Started GET "/cats" for ::1 at 2020-08-21 14:45:32 -0700
Processing by CatsController#index as */*
  [1m[36mCat Load (0.3ms)[0m  [1m[34mSELECT "cats".* FROM "cats"[0m
  ↳ app/controllers/cats_controller.rb:5:in `index'
Completed 200 OK in 3ms (Views: 2.1ms | ActiveRecord: 0.3ms | Allocations: 1426)


Started GET "/cats" for ::1 at 2020-08-21 14:48:08 -0700
Processing by CatsController#index as */*
  [1m[36mCat Load (0.5ms)[0m  [1m[34mSELECT "cats".* FROM "cats"[0m
  ↳ app/controllers/cats_controller.rb:5:in `index'
Completed 200 OK in 4ms (Views: 3.4ms | ActiveRecord: 0.5ms | Allocations: 1426)


Started GET "/cats" for ::1 at 2020-08-21 14:48:32 -0700
Processing by CatsController#index as */*
  [1m[36mCat Load (0.4ms)[0m  [1m[34mSELECT "cats".* FROM "cats"[0m
  ↳ app/controllers/cats_controller.rb:5:in `index'
Completed 200 OK in 5ms (Views: 3.5ms | ActiveRecord: 0.4ms | Allocations: 1426)


Started GET "/cats" for ::1 at 2020-08-21 14:49:06 -0700
Processing by CatsController#index as */*
  [1m[36mCat Load (0.6ms)[0m  [1m[34mSELECT "cats".* FROM "cats"[0m
  ↳ app/controllers/cats_controller.rb:5:in `index'
Completed 200 OK in 5ms (Views: 3.7ms | ActiveRecord: 0.6ms | Allocations: 1426)


